c:\users\madfl\onedrive\documents\kuliah\sem v\pemrograman gim\latest_codes\templateproject-30-05-2024\templateproject\vs\project\debug\vc143.pdb
c:\users\madfl\onedrive\documents\kuliah\sem v\pemrograman gim\latest_codes\templateproject-30-05-2024\templateproject\vs\project\debug\vc143.idb
c:\users\madfl\onedrive\documents\kuliah\sem v\pemrograman gim\latest_codes\templateproject-30-05-2024\templateproject\vs\project\debug\input.obj
c:\users\madfl\onedrive\documents\kuliah\sem v\pemrograman gim\latest_codes\templateproject-30-05-2024\templateproject\vs\project\debug\game.obj
c:\users\madfl\onedrive\documents\kuliah\sem v\pemrograman gim\latest_codes\templateproject-30-05-2024\templateproject\vs\project\debug\bullet.obj
c:\users\madfl\onedrive\documents\kuliah\sem v\pemrograman gim\latest_codes\templateproject-30-05-2024\templateproject\vs\project\debug\sound.obj
c:\users\madfl\onedrive\documents\kuliah\sem v\pemrograman gim\latest_codes\templateproject-30-05-2024\templateproject\vs\project\debug\shader.obj
c:\users\madfl\onedrive\documents\kuliah\sem v\pemrograman gim\latest_codes\templateproject-30-05-2024\templateproject\vs\project\debug\setting.obj
c:\users\madfl\onedrive\documents\kuliah\sem v\pemrograman gim\latest_codes\templateproject-30-05-2024\templateproject\vs\project\debug\screenmanager.obj
c:\users\madfl\onedrive\documents\kuliah\sem v\pemrograman gim\latest_codes\templateproject-30-05-2024\templateproject\vs\project\debug\screen.obj
c:\users\madfl\onedrive\documents\kuliah\sem v\pemrograman gim\latest_codes\templateproject-30-05-2024\templateproject\vs\project\debug\scorescreen.obj
c:\users\madfl\onedrive\documents\kuliah\sem v\pemrograman gim\latest_codes\templateproject-30-05-2024\templateproject\vs\project\debug\satcollision.obj
c:\users\madfl\onedrive\documents\kuliah\sem v\pemrograman gim\latest_codes\templateproject-30-05-2024\templateproject\vs\project\debug\quad.obj
c:\users\madfl\onedrive\documents\kuliah\sem v\pemrograman gim\latest_codes\templateproject-30-05-2024\templateproject\vs\project\debug\onlyjumpscreen.obj
c:\users\madfl\onedrive\documents\kuliah\sem v\pemrograman gim\latest_codes\templateproject-30-05-2024\templateproject\vs\project\debug\boundingbox.obj
c:\users\madfl\onedrive\documents\kuliah\sem v\pemrograman gim\latest_codes\templateproject-30-05-2024\templateproject\vs\project\debug\music.obj
c:\users\madfl\onedrive\documents\kuliah\sem v\pemrograman gim\latest_codes\templateproject-30-05-2024\templateproject\vs\project\debug\turtle.obj
c:\users\madfl\onedrive\documents\kuliah\sem v\pemrograman gim\latest_codes\templateproject-30-05-2024\templateproject\vs\project\debug\texture.obj
c:\users\madfl\onedrive\documents\kuliah\sem v\pemrograman gim\latest_codes\templateproject-30-05-2024\templateproject\vs\project\debug\text.obj
c:\users\madfl\onedrive\documents\kuliah\sem v\pemrograman gim\latest_codes\templateproject-30-05-2024\templateproject\vs\project\debug\sprite.obj
c:\users\madfl\onedrive\documents\kuliah\sem v\pemrograman gim\latest_codes\templateproject-30-05-2024\templateproject\vs\project\debug\project.tlog\cl.command.1.tlog
c:\users\madfl\onedrive\documents\kuliah\sem v\pemrograman gim\latest_codes\templateproject-30-05-2024\templateproject\vs\project\debug\project.tlog\cl.read.1.tlog
c:\users\madfl\onedrive\documents\kuliah\sem v\pemrograman gim\latest_codes\templateproject-30-05-2024\templateproject\vs\project\debug\project.tlog\cl.write.1.tlog
